2024-12-19 21:26:41,572 [Worker-0: Loading available Gradle versions] INFO  o.e.b.c.i.u.g.PublishedGradleVersions - Gradle version information cache is up-to-date. Trying to read.
2024-12-19 21:37:26,173 [Worker-9: Update Maven projects configuration] INFO  o.e.m.c.i.p.ProjectConfigurationManager - Update started
2024-12-19 21:37:29,030 [Worker-9: Update Maven projects configuration] INFO  o.e.m.c.i.l.LifecycleMappingFactory - Using org.eclipse.m2e.jdt.JarLifecycleMapping lifecycle mapping for MavenProject: Magento_Automation:Magento_Automation:0.0.1-SNAPSHOT @ C:\Users\Asus\git\Automation-Code\Magento_Automation\Magento_Automation\pom.xml.
2024-12-19 21:37:30,958 [Worker-9: Update Maven projects configuration] INFO  o.e.m.c.i.e.AbstractTransferListenerAdapter - Downloading https://repo.maven.apache.org/maven2/io/cucumber/cucumber-java/7.8.1/cucumber-java-7.8.1.pom
2024-12-19 21:37:30,989 [Worker-9: Update Maven projects configuration] INFO  o.e.m.c.i.e.AbstractTransferListenerAdapter - Downloaded https://repo.maven.apache.org/maven2/io/cucumber/cucumber-java/7.8.1/cucumber-java-7.8.1.pom
2024-12-19 21:37:31,015 [Worker-9: Update Maven projects configuration] INFO  o.e.m.c.i.e.AbstractTransferListenerAdapter - Downloading https://repo.maven.apache.org/maven2/io/cucumber/cucumber-jvm/7.8.1/cucumber-jvm-7.8.1.pom
2024-12-19 21:37:31,046 [Worker-9: Update Maven projects configuration] INFO  o.e.m.c.i.e.AbstractTransferListenerAdapter - Downloaded https://repo.maven.apache.org/maven2/io/cucumber/cucumber-jvm/7.8.1/cucumber-jvm-7.8.1.pom
2024-12-19 21:37:31,076 [Worker-9: Update Maven projects configuration] INFO  o.e.m.c.i.e.AbstractTransferListenerAdapter - Downloading https://repo.maven.apache.org/maven2/io/cucumber/cucumber-parent/3.0.0/cucumber-parent-3.0.0.pom
2024-12-19 21:37:31,122 [Worker-9: Update Maven projects configuration] INFO  o.e.m.c.i.e.AbstractTransferListenerAdapter - Downloaded https://repo.maven.apache.org/maven2/io/cucumber/cucumber-parent/3.0.0/cucumber-parent-3.0.0.pom
2024-12-19 21:37:31,153 [Worker-9: Update Maven projects configuration] INFO  o.e.m.c.i.e.AbstractTransferListenerAdapter - Downloading https://repo.maven.apache.org/maven2/io/cucumber/cucumber-bom/7.8.1/cucumber-bom-7.8.1.pom
2024-12-19 21:37:31,182 [Worker-9: Update Maven projects configuration] INFO  o.e.m.c.i.e.AbstractTransferListenerAdapter - Downloaded https://repo.maven.apache.org/maven2/io/cucumber/cucumber-bom/7.8.1/cucumber-bom-7.8.1.pom
2024-12-19 21:37:31,208 [Worker-9: Update Maven projects configuration] INFO  o.e.m.c.i.e.AbstractTransferListenerAdapter - Downloading https://repo.maven.apache.org/maven2/io/cucumber/cucumber-core/7.8.1/cucumber-core-7.8.1.pom
2024-12-19 21:37:31,235 [Worker-9: Update Maven projects configuration] INFO  o.e.m.c.i.e.AbstractTransferListenerAdapter - Downloaded https://repo.maven.apache.org/maven2/io/cucumber/cucumber-core/7.8.1/cucumber-core-7.8.1.pom
2024-12-19 21:37:31,269 [Worker-9: Update Maven projects configuration] INFO  o.e.m.c.i.e.AbstractTransferListenerAdapter - Downloading https://repo.maven.apache.org/maven2/com/fasterxml/jackson/jackson-bom/2.13.4/jackson-bom-2.13.4.pom
2024-12-19 21:37:31,300 [Worker-9: Update Maven projects configuration] INFO  o.e.m.c.i.e.AbstractTransferListenerAdapter - Downloaded https://repo.maven.apache.org/maven2/com/fasterxml/jackson/jackson-bom/2.13.4/jackson-bom-2.13.4.pom
2024-12-19 21:37:31,330 [Worker-9: Update Maven projects configuration] INFO  o.e.m.c.i.e.AbstractTransferListenerAdapter - Downloading https://repo.maven.apache.org/maven2/com/fasterxml/jackson/jackson-parent/2.13/jackson-parent-2.13.pom
2024-12-19 21:37:31,362 [Worker-9: Update Maven projects configuration] INFO  o.e.m.c.i.e.AbstractTransferListenerAdapter - Downloaded https://repo.maven.apache.org/maven2/com/fasterxml/jackson/jackson-parent/2.13/jackson-parent-2.13.pom
2024-12-19 21:37:31,384 [Worker-9: Update Maven projects configuration] INFO  o.e.m.c.i.e.AbstractTransferListenerAdapter - Downloading https://repo.maven.apache.org/maven2/com/fasterxml/oss-parent/43/oss-parent-43.pom
2024-12-19 21:37:31,425 [Worker-9: Update Maven projects configuration] INFO  o.e.m.c.i.e.AbstractTransferListenerAdapter - Downloaded https://repo.maven.apache.org/maven2/com/fasterxml/oss-parent/43/oss-parent-43.pom
2024-12-19 21:37:31,465 [Worker-9: Update Maven projects configuration] INFO  o.e.m.c.i.e.AbstractTransferListenerAdapter - Downloading https://repo.maven.apache.org/maven2/io/cucumber/cucumber-gherkin/7.8.1/cucumber-gherkin-7.8.1.pom
2024-12-19 21:37:31,496 [Worker-9: Update Maven projects configuration] INFO  o.e.m.c.i.e.AbstractTransferListenerAdapter - Downloaded https://repo.maven.apache.org/maven2/io/cucumber/cucumber-gherkin/7.8.1/cucumber-gherkin-7.8.1.pom
2024-12-19 21:37:31,522 [Worker-9: Update Maven projects configuration] INFO  o.e.m.c.i.e.AbstractTransferListenerAdapter - Downloading https://repo.maven.apache.org/maven2/io/cucumber/cucumber-plugin/7.8.1/cucumber-plugin-7.8.1.pom
2024-12-19 21:37:31,560 [Worker-9: Update Maven projects configuration] INFO  o.e.m.c.i.e.AbstractTransferListenerAdapter - Downloaded https://repo.maven.apache.org/maven2/io/cucumber/cucumber-plugin/7.8.1/cucumber-plugin-7.8.1.pom
2024-12-19 21:37:31,586 [Worker-9: Update Maven projects configuration] INFO  o.e.m.c.i.e.AbstractTransferListenerAdapter - Downloading https://repo.maven.apache.org/maven2/org/apiguardian/apiguardian-api/1.1.2/apiguardian-api-1.1.2.pom
2024-12-19 21:37:31,613 [Worker-9: Update Maven projects configuration] INFO  o.e.m.c.i.e.AbstractTransferListenerAdapter - Downloaded https://repo.maven.apache.org/maven2/org/apiguardian/apiguardian-api/1.1.2/apiguardian-api-1.1.2.pom
2024-12-19 21:37:31,640 [Worker-9: Update Maven projects configuration] INFO  o.e.m.c.i.e.AbstractTransferListenerAdapter - Downloading https://repo.maven.apache.org/maven2/io/cucumber/cucumber-gherkin-messages/7.8.1/cucumber-gherkin-messages-7.8.1.pom
2024-12-19 21:37:31,681 [Worker-9: Update Maven projects configuration] INFO  o.e.m.c.i.e.AbstractTransferListenerAdapter - Downloaded https://repo.maven.apache.org/maven2/io/cucumber/cucumber-gherkin-messages/7.8.1/cucumber-gherkin-messages-7.8.1.pom
2024-12-19 21:37:31,707 [Worker-9: Update Maven projects configuration] INFO  o.e.m.c.i.e.AbstractTransferListenerAdapter - Downloading https://repo.maven.apache.org/maven2/io/cucumber/gherkin/24.0.0/gherkin-24.0.0.pom
2024-12-19 21:37:31,731 [Worker-9: Update Maven projects configuration] INFO  o.e.m.c.i.e.AbstractTransferListenerAdapter - Downloaded https://repo.maven.apache.org/maven2/io/cucumber/gherkin/24.0.0/gherkin-24.0.0.pom
2024-12-19 21:37:31,754 [Worker-9: Update Maven projects configuration] INFO  o.e.m.c.i.e.AbstractTransferListenerAdapter - Downloading https://repo.maven.apache.org/maven2/com/fasterxml/jackson/jackson-bom/2.13.3/jackson-bom-2.13.3.pom
2024-12-19 21:37:31,782 [Worker-9: Update Maven projects configuration] INFO  o.e.m.c.i.e.AbstractTransferListenerAdapter - Downloaded https://repo.maven.apache.org/maven2/com/fasterxml/jackson/jackson-bom/2.13.3/jackson-bom-2.13.3.pom
2024-12-19 21:37:31,820 [Worker-9: Update Maven projects configuration] INFO  o.e.m.c.i.e.AbstractTransferListenerAdapter - Downloading https://repo.maven.apache.org/maven2/io/cucumber/messages/maven-metadata.xml
2024-12-19 21:37:31,843 [Worker-9: Update Maven projects configuration] INFO  o.e.m.c.i.e.AbstractTransferListenerAdapter - Downloaded https://repo.maven.apache.org/maven2/io/cucumber/messages/maven-metadata.xml
2024-12-19 21:37:31,866 [Worker-9: Update Maven projects configuration] INFO  o.e.m.c.i.e.AbstractTransferListenerAdapter - Downloading https://repo.maven.apache.org/maven2/io/cucumber/messages/19.0.0/messages-19.0.0.pom
2024-12-19 21:37:31,892 [Worker-9: Update Maven projects configuration] INFO  o.e.m.c.i.e.AbstractTransferListenerAdapter - Downloaded https://repo.maven.apache.org/maven2/io/cucumber/messages/19.0.0/messages-19.0.0.pom
2024-12-19 21:37:31,914 [Worker-9: Update Maven projects configuration] INFO  o.e.m.c.i.e.AbstractTransferListenerAdapter - Downloading https://repo.maven.apache.org/maven2/org/junit/junit-bom/5.8.2/junit-bom-5.8.2.pom
2024-12-19 21:37:31,935 [Worker-9: Update Maven projects configuration] INFO  o.e.m.c.i.e.AbstractTransferListenerAdapter - Downloaded https://repo.maven.apache.org/maven2/org/junit/junit-bom/5.8.2/junit-bom-5.8.2.pom
2024-12-19 21:37:31,958 [Worker-9: Update Maven projects configuration] INFO  o.e.m.c.i.e.AbstractTransferListenerAdapter - Downloading https://repo.maven.apache.org/maven2/io/cucumber/messages/19.1.0/messages-19.1.0.pom
2024-12-19 21:37:31,998 [Worker-9: Update Maven projects configuration] INFO  o.e.m.c.i.e.AbstractTransferListenerAdapter - Downloaded https://repo.maven.apache.org/maven2/io/cucumber/messages/19.1.0/messages-19.1.0.pom
2024-12-19 21:37:32,023 [Worker-9: Update Maven projects configuration] INFO  o.e.m.c.i.e.AbstractTransferListenerAdapter - Downloading https://repo.maven.apache.org/maven2/io/cucumber/messages/19.1.1/messages-19.1.1.pom
2024-12-19 21:37:32,061 [Worker-9: Update Maven projects configuration] INFO  o.e.m.c.i.e.AbstractTransferListenerAdapter - Downloaded https://repo.maven.apache.org/maven2/io/cucumber/messages/19.1.1/messages-19.1.1.pom
2024-12-19 21:37:32,088 [Worker-9: Update Maven projects configuration] INFO  o.e.m.c.i.e.AbstractTransferListenerAdapter - Downloading https://repo.maven.apache.org/maven2/io/cucumber/messages/19.1.2/messages-19.1.2.pom
2024-12-19 21:37:32,112 [Worker-9: Update Maven projects configuration] INFO  o.e.m.c.i.e.AbstractTransferListenerAdapter - Downloaded https://repo.maven.apache.org/maven2/io/cucumber/messages/19.1.2/messages-19.1.2.pom
2024-12-19 21:37:32,135 [Worker-9: Update Maven projects configuration] INFO  o.e.m.c.i.e.AbstractTransferListenerAdapter - Downloading https://repo.maven.apache.org/maven2/io/cucumber/messages/19.1.3/messages-19.1.3.pom
2024-12-19 21:37:32,175 [Worker-9: Update Maven projects configuration] INFO  o.e.m.c.i.e.AbstractTransferListenerAdapter - Downloaded https://repo.maven.apache.org/maven2/io/cucumber/messages/19.1.3/messages-19.1.3.pom
2024-12-19 21:37:32,196 [Worker-9: Update Maven projects configuration] INFO  o.e.m.c.i.e.AbstractTransferListenerAdapter - Downloading https://repo.maven.apache.org/maven2/org/junit/junit-bom/5.9.0/junit-bom-5.9.0.pom
2024-12-19 21:37:32,219 [Worker-9: Update Maven projects configuration] INFO  o.e.m.c.i.e.AbstractTransferListenerAdapter - Downloaded https://repo.maven.apache.org/maven2/org/junit/junit-bom/5.9.0/junit-bom-5.9.0.pom
2024-12-19 21:37:32,241 [Worker-9: Update Maven projects configuration] INFO  o.e.m.c.i.e.AbstractTransferListenerAdapter - Downloading https://repo.maven.apache.org/maven2/io/cucumber/messages/19.1.4/messages-19.1.4.pom
2024-12-19 21:37:32,265 [Worker-9: Update Maven projects configuration] INFO  o.e.m.c.i.e.AbstractTransferListenerAdapter - Downloaded https://repo.maven.apache.org/maven2/io/cucumber/messages/19.1.4/messages-19.1.4.pom
2024-12-19 21:37:32,287 [Worker-9: Update Maven projects configuration] INFO  o.e.m.c.i.e.AbstractTransferListenerAdapter - Downloading https://repo.maven.apache.org/maven2/io/cucumber/tag-expressions/4.1.0/tag-expressions-4.1.0.pom
2024-12-19 21:37:32,308 [Worker-9: Update Maven projects configuration] INFO  o.e.m.c.i.e.AbstractTransferListenerAdapter - Downloaded https://repo.maven.apache.org/maven2/io/cucumber/tag-expressions/4.1.0/tag-expressions-4.1.0.pom
2024-12-19 21:37:32,329 [Worker-9: Update Maven projects configuration] INFO  o.e.m.c.i.e.AbstractTransferListenerAdapter - Downloading https://repo.maven.apache.org/maven2/io/cucumber/cucumber-parent/2.1.2/cucumber-parent-2.1.2.pom
2024-12-19 21:37:32,372 [Worker-9: Update Maven projects configuration] INFO  o.e.m.c.i.e.AbstractTransferListenerAdapter - Downloaded https://repo.maven.apache.org/maven2/io/cucumber/cucumber-parent/2.1.2/cucumber-parent-2.1.2.pom
2024-12-19 21:37:32,400 [Worker-9: Update Maven projects configuration] INFO  o.e.m.c.i.e.AbstractTransferListenerAdapter - Downloading https://repo.maven.apache.org/maven2/org/junit/junit-bom/5.8.1/junit-bom-5.8.1.pom
2024-12-19 21:37:32,437 [Worker-9: Update Maven projects configuration] INFO  o.e.m.c.i.e.AbstractTransferListenerAdapter - Downloaded https://repo.maven.apache.org/maven2/org/junit/junit-bom/5.8.1/junit-bom-5.8.1.pom
2024-12-19 21:37:32,461 [Worker-9: Update Maven projects configuration] INFO  o.e.m.c.i.e.AbstractTransferListenerAdapter - Downloading https://repo.maven.apache.org/maven2/io/cucumber/cucumber-expressions/16.0.0/cucumber-expressions-16.0.0.pom
2024-12-19 21:37:32,483 [Worker-9: Update Maven projects configuration] INFO  o.e.m.c.i.e.AbstractTransferListenerAdapter - Downloaded https://repo.maven.apache.org/maven2/io/cucumber/cucumber-expressions/16.0.0/cucumber-expressions-16.0.0.pom
2024-12-19 21:37:32,510 [Worker-9: Update Maven projects configuration] INFO  o.e.m.c.i.e.AbstractTransferListenerAdapter - Downloading https://repo.maven.apache.org/maven2/io/cucumber/datatable/7.8.1/datatable-7.8.1.pom
2024-12-19 21:37:32,550 [Worker-9: Update Maven projects configuration] INFO  o.e.m.c.i.e.AbstractTransferListenerAdapter - Downloaded https://repo.maven.apache.org/maven2/io/cucumber/datatable/7.8.1/datatable-7.8.1.pom
2024-12-19 21:37:32,579 [Worker-9: Update Maven projects configuration] INFO  o.e.m.c.i.e.AbstractTransferListenerAdapter - Downloading https://repo.maven.apache.org/maven2/io/cucumber/docstring/7.8.1/docstring-7.8.1.pom
2024-12-19 21:37:32,619 [Worker-9: Update Maven projects configuration] INFO  o.e.m.c.i.e.AbstractTransferListenerAdapter - Downloaded https://repo.maven.apache.org/maven2/io/cucumber/docstring/7.8.1/docstring-7.8.1.pom
2024-12-19 21:37:32,645 [Worker-9: Update Maven projects configuration] INFO  o.e.m.c.i.e.AbstractTransferListenerAdapter - Downloading https://repo.maven.apache.org/maven2/io/cucumber/html-formatter/20.1.0/html-formatter-20.1.0.pom
2024-12-19 21:37:32,666 [Worker-9: Update Maven projects configuration] INFO  o.e.m.c.i.e.AbstractTransferListenerAdapter - Downloaded https://repo.maven.apache.org/maven2/io/cucumber/html-formatter/20.1.0/html-formatter-20.1.0.pom
2024-12-19 21:37:32,688 [Worker-9: Update Maven projects configuration] INFO  o.e.m.c.i.e.AbstractTransferListenerAdapter - Downloading https://repo.maven.apache.org/maven2/io/cucumber/ci-environment/9.1.0/ci-environment-9.1.0.pom
2024-12-19 21:37:32,711 [Worker-9: Update Maven projects configuration] INFO  o.e.m.c.i.e.AbstractTransferListenerAdapter - Downloaded https://repo.maven.apache.org/maven2/io/cucumber/ci-environment/9.1.0/ci-environment-9.1.0.pom
2024-12-19 21:37:32,739 [Worker-9: Update Maven projects configuration] INFO  o.e.m.c.i.e.AbstractTransferListenerAdapter - Downloading https://repo.maven.apache.org/maven2/io/cucumber/cucumber-junit/7.8.1/cucumber-junit-7.8.1.pom
2024-12-19 21:37:32,775 [Worker-9: Update Maven projects configuration] INFO  o.e.m.c.i.e.AbstractTransferListenerAdapter - Downloaded https://repo.maven.apache.org/maven2/io/cucumber/cucumber-junit/7.8.1/cucumber-junit-7.8.1.pom
2024-12-19 21:37:32,799 [Worker-9: Update Maven projects configuration] INFO  o.e.m.c.i.e.AbstractTransferListenerAdapter - Downloading https://repo.maven.apache.org/maven2/junit/junit/4.13.2/junit-4.13.2.pom
2024-12-19 21:37:32,831 [Worker-9: Update Maven projects configuration] INFO  o.e.m.c.i.e.AbstractTransferListenerAdapter - Downloaded https://repo.maven.apache.org/maven2/junit/junit/4.13.2/junit-4.13.2.pom
2024-12-19 21:37:32,865 [Worker-9: Update Maven projects configuration] INFO  o.e.m.c.i.e.AbstractTransferListenerAdapter - Downloading https://repo.maven.apache.org/maven2/org/hamcrest/hamcrest-core/1.3/hamcrest-core-1.3.pom
2024-12-19 21:37:32,889 [Worker-9: Update Maven projects configuration] INFO  o.e.m.c.i.e.AbstractTransferListenerAdapter - Downloaded https://repo.maven.apache.org/maven2/org/hamcrest/hamcrest-core/1.3/hamcrest-core-1.3.pom
2024-12-19 21:37:32,910 [Worker-9: Update Maven projects configuration] INFO  o.e.m.c.i.e.AbstractTransferListenerAdapter - Downloading https://repo.maven.apache.org/maven2/org/hamcrest/hamcrest-parent/1.3/hamcrest-parent-1.3.pom
2024-12-19 21:37:32,936 [Worker-9: Update Maven projects configuration] INFO  o.e.m.c.i.e.AbstractTransferListenerAdapter - Downloaded https://repo.maven.apache.org/maven2/org/hamcrest/hamcrest-parent/1.3/hamcrest-parent-1.3.pom
2024-12-19 21:37:33,043 [Worker-9: Update Maven projects configuration] INFO  o.e.m.c.i.e.AbstractTransferListenerAdapter - Downloading https://repo.maven.apache.org/maven2/io/cucumber/cucumber-java/7.8.1/cucumber-java-7.8.1.jar
2024-12-19 21:37:33,143 [Worker-9: Update Maven projects configuration] INFO  o.e.m.c.i.e.AbstractTransferListenerAdapter - Downloaded https://repo.maven.apache.org/maven2/io/cucumber/cucumber-java/7.8.1/cucumber-java-7.8.1.jar
2024-12-19 21:37:33,160 [BasicRepositoryConnector-repo.maven.apache.org-0-0] INFO  o.e.m.c.i.e.AbstractTransferListenerAdapter - Downloading https://repo.maven.apache.org/maven2/io/cucumber/cucumber-core/7.8.1/cucumber-core-7.8.1.jar
2024-12-19 21:37:33,221 [BasicRepositoryConnector-repo.maven.apache.org-0-2] INFO  o.e.m.c.i.e.AbstractTransferListenerAdapter - Downloading https://repo.maven.apache.org/maven2/io/cucumber/cucumber-gherkin-messages/7.8.1/cucumber-gherkin-messages-7.8.1.jar
2024-12-19 21:37:33,276 [BasicRepositoryConnector-repo.maven.apache.org-0-1] INFO  o.e.m.c.i.e.AbstractTransferListenerAdapter - Downloading https://repo.maven.apache.org/maven2/io/cucumber/cucumber-gherkin/7.8.1/cucumber-gherkin-7.8.1.jar
2024-12-19 21:37:33,277 [BasicRepositoryConnector-repo.maven.apache.org-0-3] INFO  o.e.m.c.i.e.AbstractTransferListenerAdapter - Downloading https://repo.maven.apache.org/maven2/io/cucumber/gherkin/24.0.0/gherkin-24.0.0.jar
2024-12-19 21:37:33,279 [BasicRepositoryConnector-repo.maven.apache.org-0-4] INFO  o.e.m.c.i.e.AbstractTransferListenerAdapter - Downloading https://repo.maven.apache.org/maven2/io/cucumber/messages/19.1.4/messages-19.1.4.jar
2024-12-19 21:37:33,373 [BasicRepositoryConnector-repo.maven.apache.org-0-0] INFO  o.e.m.c.i.e.AbstractTransferListenerAdapter - Downloaded https://repo.maven.apache.org/maven2/io/cucumber/cucumber-core/7.8.1/cucumber-core-7.8.1.jar
2024-12-19 21:37:33,377 [BasicRepositoryConnector-repo.maven.apache.org-0-3] INFO  o.e.m.c.i.e.AbstractTransferListenerAdapter - Downloaded https://repo.maven.apache.org/maven2/io/cucumber/gherkin/24.0.0/gherkin-24.0.0.jar
2024-12-19 21:37:33,379 [BasicRepositoryConnector-repo.maven.apache.org-0-4] INFO  o.e.m.c.i.e.AbstractTransferListenerAdapter - Downloaded https://repo.maven.apache.org/maven2/io/cucumber/messages/19.1.4/messages-19.1.4.jar
2024-12-19 21:37:33,389 [BasicRepositoryConnector-repo.maven.apache.org-0-0] INFO  o.e.m.c.i.e.AbstractTransferListenerAdapter - Downloading https://repo.maven.apache.org/maven2/io/cucumber/tag-expressions/4.1.0/tag-expressions-4.1.0.jar
2024-12-19 21:37:33,401 [BasicRepositoryConnector-repo.maven.apache.org-0-4] INFO  o.e.m.c.i.e.AbstractTransferListenerAdapter - Downloading https://repo.maven.apache.org/maven2/io/cucumber/datatable/7.8.1/datatable-7.8.1.jar
2024-12-19 21:37:33,409 [BasicRepositoryConnector-repo.maven.apache.org-0-3] INFO  o.e.m.c.i.e.AbstractTransferListenerAdapter - Downloading https://repo.maven.apache.org/maven2/io/cucumber/cucumber-expressions/16.0.0/cucumber-expressions-16.0.0.jar
2024-12-19 21:37:33,453 [BasicRepositoryConnector-repo.maven.apache.org-0-1] INFO  o.e.m.c.i.e.AbstractTransferListenerAdapter - Downloaded https://repo.maven.apache.org/maven2/io/cucumber/cucumber-gherkin/7.8.1/cucumber-gherkin-7.8.1.jar
2024-12-19 21:37:33,469 [BasicRepositoryConnector-repo.maven.apache.org-0-1] INFO  o.e.m.c.i.e.AbstractTransferListenerAdapter - Downloading https://repo.maven.apache.org/maven2/io/cucumber/cucumber-plugin/7.8.1/cucumber-plugin-7.8.1.jar
2024-12-19 21:37:33,479 [BasicRepositoryConnector-repo.maven.apache.org-0-3] INFO  o.e.m.c.i.e.AbstractTransferListenerAdapter - Downloaded https://repo.maven.apache.org/maven2/io/cucumber/cucumber-expressions/16.0.0/cucumber-expressions-16.0.0.jar
2024-12-19 21:37:33,481 [BasicRepositoryConnector-repo.maven.apache.org-0-4] INFO  o.e.m.c.i.e.AbstractTransferListenerAdapter - Downloaded https://repo.maven.apache.org/maven2/io/cucumber/datatable/7.8.1/datatable-7.8.1.jar
2024-12-19 21:37:33,502 [BasicRepositoryConnector-repo.maven.apache.org-0-3] INFO  o.e.m.c.i.e.AbstractTransferListenerAdapter - Downloading https://repo.maven.apache.org/maven2/io/cucumber/docstring/7.8.1/docstring-7.8.1.jar
2024-12-19 21:37:33,513 [BasicRepositoryConnector-repo.maven.apache.org-0-4] INFO  o.e.m.c.i.e.AbstractTransferListenerAdapter - Downloading https://repo.maven.apache.org/maven2/io/cucumber/html-formatter/20.1.0/html-formatter-20.1.0.jar
2024-12-19 21:37:33,622 [BasicRepositoryConnector-repo.maven.apache.org-0-4] INFO  o.e.m.c.i.e.AbstractTransferListenerAdapter - Downloaded https://repo.maven.apache.org/maven2/io/cucumber/html-formatter/20.1.0/html-formatter-20.1.0.jar
2024-12-19 21:37:33,639 [BasicRepositoryConnector-repo.maven.apache.org-0-4] INFO  o.e.m.c.i.e.AbstractTransferListenerAdapter - Downloading https://repo.maven.apache.org/maven2/io/cucumber/ci-environment/9.1.0/ci-environment-9.1.0.jar
2024-12-19 21:37:33,785 [BasicRepositoryConnector-repo.maven.apache.org-0-2] INFO  o.e.m.c.i.e.AbstractTransferListenerAdapter - Downloaded https://repo.maven.apache.org/maven2/io/cucumber/cucumber-gherkin-messages/7.8.1/cucumber-gherkin-messages-7.8.1.jar
2024-12-19 21:37:33,811 [BasicRepositoryConnector-repo.maven.apache.org-0-2] INFO  o.e.m.c.i.e.AbstractTransferListenerAdapter - Downloading https://repo.maven.apache.org/maven2/org/apiguardian/apiguardian-api/1.1.2/apiguardian-api-1.1.2.jar
2024-12-19 21:37:33,816 [BasicRepositoryConnector-repo.maven.apache.org-0-3] INFO  o.e.m.c.i.e.AbstractTransferListenerAdapter - Downloaded https://repo.maven.apache.org/maven2/io/cucumber/docstring/7.8.1/docstring-7.8.1.jar
2024-12-19 21:37:33,834 [BasicRepositoryConnector-repo.maven.apache.org-0-3] INFO  o.e.m.c.i.e.AbstractTransferListenerAdapter - Downloading https://repo.maven.apache.org/maven2/io/cucumber/cucumber-junit/7.8.1/cucumber-junit-7.8.1.jar
2024-12-19 21:37:33,908 [BasicRepositoryConnector-repo.maven.apache.org-0-2] INFO  o.e.m.c.i.e.AbstractTransferListenerAdapter - Downloaded https://repo.maven.apache.org/maven2/org/apiguardian/apiguardian-api/1.1.2/apiguardian-api-1.1.2.jar
2024-12-19 21:37:33,939 [BasicRepositoryConnector-repo.maven.apache.org-0-2] INFO  o.e.m.c.i.e.AbstractTransferListenerAdapter - Downloading https://repo.maven.apache.org/maven2/junit/junit/4.13.2/junit-4.13.2.jar
2024-12-19 21:37:34,028 [BasicRepositoryConnector-repo.maven.apache.org-0-2] INFO  o.e.m.c.i.e.AbstractTransferListenerAdapter - Downloaded https://repo.maven.apache.org/maven2/junit/junit/4.13.2/junit-4.13.2.jar
2024-12-19 21:37:34,054 [BasicRepositoryConnector-repo.maven.apache.org-0-2] INFO  o.e.m.c.i.e.AbstractTransferListenerAdapter - Downloading https://repo.maven.apache.org/maven2/org/hamcrest/hamcrest-core/1.3/hamcrest-core-1.3.jar
2024-12-19 21:37:34,466 [BasicRepositoryConnector-repo.maven.apache.org-0-1] INFO  o.e.m.c.i.e.AbstractTransferListenerAdapter - Downloaded https://repo.maven.apache.org/maven2/io/cucumber/cucumber-plugin/7.8.1/cucumber-plugin-7.8.1.jar
2024-12-19 21:37:34,588 [BasicRepositoryConnector-repo.maven.apache.org-0-4] INFO  o.e.m.c.i.e.AbstractTransferListenerAdapter - Downloaded https://repo.maven.apache.org/maven2/io/cucumber/ci-environment/9.1.0/ci-environment-9.1.0.jar
2024-12-19 21:37:34,605 [BasicRepositoryConnector-repo.maven.apache.org-0-0] INFO  o.e.m.c.i.e.AbstractTransferListenerAdapter - Downloaded https://repo.maven.apache.org/maven2/io/cucumber/tag-expressions/4.1.0/tag-expressions-4.1.0.jar
2024-12-19 21:37:34,653 [BasicRepositoryConnector-repo.maven.apache.org-0-3] INFO  o.e.m.c.i.e.AbstractTransferListenerAdapter - Downloaded https://repo.maven.apache.org/maven2/io/cucumber/cucumber-junit/7.8.1/cucumber-junit-7.8.1.jar
2024-12-19 21:37:34,956 [BasicRepositoryConnector-repo.maven.apache.org-0-2] INFO  o.e.m.c.i.e.AbstractTransferListenerAdapter - Downloaded https://repo.maven.apache.org/maven2/org/hamcrest/hamcrest-core/1.3/hamcrest-core-1.3.jar
2024-12-19 21:37:36,243 [Worker-2: Building] WARN  o.a.m.s.f.DefaultMavenResourcesFiltering - Using platform encoding (UTF-8 actually) to copy filtered resources, i.e. build is platform dependent!
2024-12-19 21:37:36,244 [Worker-2: Building] INFO  o.a.m.s.f.DefaultMavenResourcesFiltering - skip non existing resourceDirectory C:\Users\Asus\git\Automation-Code\Magento_Automation\Magento_Automation\src\main\resources
2024-12-19 21:37:36,250 [Worker-2: Building] WARN  o.a.m.s.f.DefaultMavenResourcesFiltering - Using platform encoding (UTF-8 actually) to copy filtered resources, i.e. build is platform dependent!
2024-12-19 21:37:36,257 [Worker-2: Building] INFO  o.a.m.s.f.DefaultMavenResourcesFiltering - Copying 1 resource from src\test\resources to target\test-classes
2024-12-19 21:37:36,335 [Worker-14: Download sources and javadoc] INFO  o.e.m.c.i.e.AbstractTransferListenerAdapter - Downloading https://repo.maven.apache.org/maven2/io/cucumber/cucumber-java/7.8.1/cucumber-java-7.8.1-sources.jar
2024-12-19 21:37:36,434 [Worker-14: Download sources and javadoc] INFO  o.e.m.c.i.e.AbstractTransferListenerAdapter - Downloaded https://repo.maven.apache.org/maven2/io/cucumber/cucumber-java/7.8.1/cucumber-java-7.8.1-sources.jar
2024-12-19 21:37:36,440 [Worker-14: Download sources and javadoc] INFO  o.e.m.j.internal.DownloadSourcesJob - Downloaded sources for io.cucumber:cucumber-java:7.8.1
2024-12-19 21:37:36,506 [Worker-14: Download sources and javadoc] INFO  o.e.m.c.i.e.AbstractTransferListenerAdapter - Downloading https://repo.maven.apache.org/maven2/io/cucumber/cucumber-core/7.8.1/cucumber-core-7.8.1-sources.jar
2024-12-19 21:37:36,622 [Worker-14: Download sources and javadoc] INFO  o.e.m.c.i.e.AbstractTransferListenerAdapter - Downloaded https://repo.maven.apache.org/maven2/io/cucumber/cucumber-core/7.8.1/cucumber-core-7.8.1-sources.jar
2024-12-19 21:37:36,628 [Worker-14: Download sources and javadoc] INFO  o.e.m.j.internal.DownloadSourcesJob - Downloaded sources for io.cucumber:cucumber-core:7.8.1
2024-12-19 21:37:36,705 [Worker-14: Download sources and javadoc] INFO  o.e.m.c.i.e.AbstractTransferListenerAdapter - Downloading https://repo.maven.apache.org/maven2/io/cucumber/cucumber-gherkin/7.8.1/cucumber-gherkin-7.8.1-sources.jar
2024-12-19 21:37:37,027 [Worker-14: Download sources and javadoc] INFO  o.e.m.c.i.e.AbstractTransferListenerAdapter - Downloaded https://repo.maven.apache.org/maven2/io/cucumber/cucumber-gherkin/7.8.1/cucumber-gherkin-7.8.1-sources.jar
2024-12-19 21:37:37,032 [Worker-14: Download sources and javadoc] INFO  o.e.m.j.internal.DownloadSourcesJob - Downloaded sources for io.cucumber:cucumber-gherkin:7.8.1
2024-12-19 21:37:37,126 [Worker-14: Download sources and javadoc] INFO  o.e.m.c.i.e.AbstractTransferListenerAdapter - Downloading https://repo.maven.apache.org/maven2/io/cucumber/cucumber-gherkin-messages/7.8.1/cucumber-gherkin-messages-7.8.1-sources.jar
2024-12-19 21:37:37,523 [Worker-14: Download sources and javadoc] INFO  o.e.m.c.i.e.AbstractTransferListenerAdapter - Downloaded https://repo.maven.apache.org/maven2/io/cucumber/cucumber-gherkin-messages/7.8.1/cucumber-gherkin-messages-7.8.1-sources.jar
2024-12-19 21:37:37,528 [Worker-14: Download sources and javadoc] INFO  o.e.m.j.internal.DownloadSourcesJob - Downloaded sources for io.cucumber:cucumber-gherkin-messages:7.8.1
2024-12-19 21:37:37,614 [Worker-14: Download sources and javadoc] INFO  o.e.m.c.i.e.AbstractTransferListenerAdapter - Downloading https://repo.maven.apache.org/maven2/io/cucumber/gherkin/24.0.0/gherkin-24.0.0-sources.jar
2024-12-19 21:37:38,435 [Worker-14: Download sources and javadoc] INFO  o.e.m.c.i.e.AbstractTransferListenerAdapter - Downloaded https://repo.maven.apache.org/maven2/io/cucumber/gherkin/24.0.0/gherkin-24.0.0-sources.jar
2024-12-19 21:37:38,440 [Worker-14: Download sources and javadoc] INFO  o.e.m.j.internal.DownloadSourcesJob - Downloaded sources for io.cucumber:gherkin:24.0.0
2024-12-19 21:37:38,538 [Worker-14: Download sources and javadoc] INFO  o.e.m.c.i.e.AbstractTransferListenerAdapter - Downloading https://repo.maven.apache.org/maven2/io/cucumber/messages/19.1.4/messages-19.1.4-sources.jar
2024-12-19 21:37:38,540 [Worker-9: Update Maven projects configuration] INFO  o.e.m.j.i.AbstractJavaProjectConfigurator - Adding source folder /Magento_Automation/src/main/java
2024-12-19 21:37:38,546 [Worker-9: Update Maven projects configuration] INFO  o.e.m.j.i.AbstractJavaProjectConfigurator - Adding resource folder /Magento_Automation/src/main/resources
2024-12-19 21:37:38,548 [Worker-9: Update Maven projects configuration] INFO  o.e.m.j.i.AbstractJavaProjectConfigurator - Adding source folder /Magento_Automation/src/test/java
2024-12-19 21:37:38,549 [Worker-9: Update Maven projects configuration] INFO  o.e.m.j.i.AbstractJavaProjectConfigurator - Adding resource folder /Magento_Automation/src/test/resources
2024-12-19 21:37:38,627 [Worker-14: Download sources and javadoc] INFO  o.e.m.c.i.e.AbstractTransferListenerAdapter - Downloaded https://repo.maven.apache.org/maven2/io/cucumber/messages/19.1.4/messages-19.1.4-sources.jar
2024-12-19 21:37:38,635 [Worker-14: Download sources and javadoc] INFO  o.e.m.j.internal.DownloadSourcesJob - Downloaded sources for io.cucumber:messages:19.1.4
2024-12-19 21:37:38,739 [Worker-14: Download sources and javadoc] INFO  o.e.m.c.i.e.AbstractTransferListenerAdapter - Downloading https://repo.maven.apache.org/maven2/io/cucumber/tag-expressions/4.1.0/tag-expressions-4.1.0-sources.jar
2024-12-19 21:37:38,833 [Worker-14: Download sources and javadoc] INFO  o.e.m.c.i.e.AbstractTransferListenerAdapter - Downloaded https://repo.maven.apache.org/maven2/io/cucumber/tag-expressions/4.1.0/tag-expressions-4.1.0-sources.jar
2024-12-19 21:37:38,838 [Worker-14: Download sources and javadoc] INFO  o.e.m.j.internal.DownloadSourcesJob - Downloaded sources for io.cucumber:tag-expressions:4.1.0
2024-12-19 21:37:38,925 [Worker-14: Download sources and javadoc] INFO  o.e.m.c.i.e.AbstractTransferListenerAdapter - Downloading https://repo.maven.apache.org/maven2/io/cucumber/cucumber-expressions/16.0.0/cucumber-expressions-16.0.0-sources.jar
2024-12-19 21:37:39,826 [Worker-14: Download sources and javadoc] INFO  o.e.m.c.i.e.AbstractTransferListenerAdapter - Downloaded https://repo.maven.apache.org/maven2/io/cucumber/cucumber-expressions/16.0.0/cucumber-expressions-16.0.0-sources.jar
2024-12-19 21:37:39,832 [Worker-14: Download sources and javadoc] INFO  o.e.m.j.internal.DownloadSourcesJob - Downloaded sources for io.cucumber:cucumber-expressions:16.0.0
2024-12-19 21:37:39,918 [Worker-14: Download sources and javadoc] INFO  o.e.m.c.i.e.AbstractTransferListenerAdapter - Downloading https://repo.maven.apache.org/maven2/io/cucumber/datatable/7.8.1/datatable-7.8.1-sources.jar
2024-12-19 21:37:40,771 [Worker-14: Download sources and javadoc] INFO  o.e.m.c.i.e.AbstractTransferListenerAdapter - Downloaded https://repo.maven.apache.org/maven2/io/cucumber/datatable/7.8.1/datatable-7.8.1-sources.jar
2024-12-19 21:37:40,779 [Worker-14: Download sources and javadoc] INFO  o.e.m.j.internal.DownloadSourcesJob - Downloaded sources for io.cucumber:datatable:7.8.1
2024-12-19 21:37:40,832 [Worker-14: Download sources and javadoc] INFO  o.e.m.c.i.e.AbstractTransferListenerAdapter - Downloading https://repo.maven.apache.org/maven2/io/cucumber/cucumber-plugin/7.8.1/cucumber-plugin-7.8.1-sources.jar
2024-12-19 21:37:41,635 [Worker-13: Building] WARN  o.a.m.s.f.DefaultMavenResourcesFiltering - Using platform encoding (UTF-8 actually) to copy filtered resources, i.e. build is platform dependent!
2024-12-19 21:37:41,652 [Worker-13: Building] INFO  o.a.m.s.f.DefaultMavenResourcesFiltering - skip non existing resourceDirectory C:\Users\Asus\git\Automation-Code\Magento_Automation\Magento_Automation\src\main\resources
2024-12-19 21:37:41,653 [Worker-9: Update Maven projects configuration] INFO  o.e.m.c.i.p.ProjectConfigurationManager - Update completed for 1 poms: local refresh takes 0.00 sec, refresh facades takes 9.00 sec, update config takes 6.00 sec 
2024-12-19 21:37:41,656 [Worker-13: Building] WARN  o.a.m.s.f.DefaultMavenResourcesFiltering - Using platform encoding (UTF-8 actually) to copy filtered resources, i.e. build is platform dependent!
2024-12-19 21:37:41,659 [Worker-13: Building] INFO  o.a.m.s.f.DefaultMavenResourcesFiltering - Copying 1 resource from src\test\resources to target\test-classes
2024-12-19 21:37:41,792 [Worker-14: Download sources and javadoc] INFO  o.e.m.c.i.e.AbstractTransferListenerAdapter - Downloaded https://repo.maven.apache.org/maven2/io/cucumber/cucumber-plugin/7.8.1/cucumber-plugin-7.8.1-sources.jar
2024-12-19 21:37:41,798 [Worker-14: Download sources and javadoc] INFO  o.e.m.j.internal.DownloadSourcesJob - Downloaded sources for io.cucumber:cucumber-plugin:7.8.1
2024-12-19 21:37:41,846 [Worker-14: Download sources and javadoc] INFO  o.e.m.c.i.e.AbstractTransferListenerAdapter - Downloading https://repo.maven.apache.org/maven2/io/cucumber/docstring/7.8.1/docstring-7.8.1-sources.jar
2024-12-19 21:37:42,078 [Worker-14: Download sources and javadoc] INFO  o.e.m.c.i.e.AbstractTransferListenerAdapter - Downloaded https://repo.maven.apache.org/maven2/io/cucumber/docstring/7.8.1/docstring-7.8.1-sources.jar
2024-12-19 21:37:42,083 [Worker-14: Download sources and javadoc] INFO  o.e.m.j.internal.DownloadSourcesJob - Downloaded sources for io.cucumber:docstring:7.8.1
2024-12-19 21:37:42,128 [Worker-14: Download sources and javadoc] INFO  o.e.m.c.i.e.AbstractTransferListenerAdapter - Downloading https://repo.maven.apache.org/maven2/io/cucumber/html-formatter/20.1.0/html-formatter-20.1.0-sources.jar
2024-12-19 21:37:42,220 [Worker-14: Download sources and javadoc] INFO  o.e.m.c.i.e.AbstractTransferListenerAdapter - Downloaded https://repo.maven.apache.org/maven2/io/cucumber/html-formatter/20.1.0/html-formatter-20.1.0-sources.jar
2024-12-19 21:37:42,225 [Worker-14: Download sources and javadoc] INFO  o.e.m.j.internal.DownloadSourcesJob - Downloaded sources for io.cucumber:html-formatter:20.1.0
2024-12-19 21:37:42,274 [Worker-14: Download sources and javadoc] INFO  o.e.m.c.i.e.AbstractTransferListenerAdapter - Downloading https://repo.maven.apache.org/maven2/io/cucumber/ci-environment/9.1.0/ci-environment-9.1.0-sources.jar
2024-12-19 21:37:42,410 [Worker-14: Download sources and javadoc] INFO  o.e.m.c.i.e.AbstractTransferListenerAdapter - Downloaded https://repo.maven.apache.org/maven2/io/cucumber/ci-environment/9.1.0/ci-environment-9.1.0-sources.jar
2024-12-19 21:37:42,416 [Worker-14: Download sources and javadoc] INFO  o.e.m.j.internal.DownloadSourcesJob - Downloaded sources for io.cucumber:ci-environment:9.1.0
2024-12-19 21:37:42,466 [Worker-14: Download sources and javadoc] INFO  o.e.m.c.i.e.AbstractTransferListenerAdapter - Downloading https://repo.maven.apache.org/maven2/org/apiguardian/apiguardian-api/1.1.2/apiguardian-api-1.1.2-sources.jar
2024-12-19 21:37:42,532 [Worker-14: Download sources and javadoc] INFO  o.e.m.c.i.e.AbstractTransferListenerAdapter - Downloaded https://repo.maven.apache.org/maven2/org/apiguardian/apiguardian-api/1.1.2/apiguardian-api-1.1.2-sources.jar
2024-12-19 21:37:42,538 [Worker-14: Download sources and javadoc] INFO  o.e.m.j.internal.DownloadSourcesJob - Downloaded sources for org.apiguardian:apiguardian-api:1.1.2
2024-12-19 21:37:42,830 [Worker-14: Download sources and javadoc] INFO  o.e.m.c.i.e.AbstractTransferListenerAdapter - Downloading https://repo.maven.apache.org/maven2/io/cucumber/cucumber-junit/7.8.1/cucumber-junit-7.8.1-sources.jar
2024-12-19 21:37:43,131 [Worker-14: Download sources and javadoc] INFO  o.e.m.c.i.e.AbstractTransferListenerAdapter - Downloaded https://repo.maven.apache.org/maven2/io/cucumber/cucumber-junit/7.8.1/cucumber-junit-7.8.1-sources.jar
2024-12-19 21:37:43,136 [Worker-14: Download sources and javadoc] INFO  o.e.m.j.internal.DownloadSourcesJob - Downloaded sources for io.cucumber:cucumber-junit:7.8.1
2024-12-19 21:37:43,182 [Worker-14: Download sources and javadoc] INFO  o.e.m.c.i.e.AbstractTransferListenerAdapter - Downloading https://repo.maven.apache.org/maven2/junit/junit/4.13.2/junit-4.13.2-sources.jar
2024-12-19 21:37:43,247 [Worker-14: Download sources and javadoc] INFO  o.e.m.c.i.e.AbstractTransferListenerAdapter - Downloaded https://repo.maven.apache.org/maven2/junit/junit/4.13.2/junit-4.13.2-sources.jar
2024-12-19 21:37:43,252 [Worker-14: Download sources and javadoc] INFO  o.e.m.j.internal.DownloadSourcesJob - Downloaded sources for junit:junit:4.13.2
2024-12-19 21:37:43,299 [Worker-14: Download sources and javadoc] INFO  o.e.m.c.i.e.AbstractTransferListenerAdapter - Downloading https://repo.maven.apache.org/maven2/org/hamcrest/hamcrest-core/1.3/hamcrest-core-1.3-sources.jar
2024-12-19 21:37:43,940 [Worker-14: Download sources and javadoc] INFO  o.e.m.c.i.e.AbstractTransferListenerAdapter - Downloaded https://repo.maven.apache.org/maven2/org/hamcrest/hamcrest-core/1.3/hamcrest-core-1.3-sources.jar
2024-12-19 21:37:43,945 [Worker-14: Download sources and javadoc] INFO  o.e.m.j.internal.DownloadSourcesJob - Downloaded sources for org.hamcrest:hamcrest-core:1.3
2024-12-19 21:42:04,842 [Worker-0: Loading available Gradle versions] INFO  o.e.b.c.i.u.g.PublishedGradleVersions - Gradle version information cache is up-to-date. Trying to read.
2024-12-19 21:44:07,090 [Worker-10: Launching New_configuration (3)] INFO  o.eclipse.m2e.core.internal.Bundles - getClasspathEntries(Bundle=org.eclipse.m2e.maven.runtime_3.9.900.20240824-1409 [297])
2024-12-19 21:44:07,094 [Worker-10: Launching New_configuration (3)] INFO  o.eclipse.m2e.core.internal.Bundles - 	Entry: C:\Users\Asus\.p2\pool\plugins\org.eclipse.m2e.maven.runtime_3.9.900.20240824-1409
2024-12-19 21:44:07,095 [Worker-10: Launching New_configuration (3)] INFO  o.eclipse.m2e.core.internal.Bundles - 	Entry: C:\Users\Asus\.p2\pool\plugins\org.eclipse.m2e.maven.runtime_3.9.900.20240824-1409\jars\aopalliance-1.0.jar
2024-12-19 21:44:07,095 [Worker-10: Launching New_configuration (3)] INFO  o.eclipse.m2e.core.internal.Bundles - 	Entry: C:\Users\Asus\.p2\pool\plugins\org.eclipse.m2e.maven.runtime_3.9.900.20240824-1409\jars\guice-5.1.0.jar
2024-12-19 21:44:07,096 [Worker-10: Launching New_configuration (3)] INFO  o.eclipse.m2e.core.internal.Bundles - 	Entry: C:\Users\Asus\.p2\pool\plugins\org.eclipse.m2e.maven.runtime_3.9.900.20240824-1409\jars\httpclient-4.5.14.jar
2024-12-19 21:44:07,096 [Worker-10: Launching New_configuration (3)] INFO  o.eclipse.m2e.core.internal.Bundles - 	Entry: C:\Users\Asus\.p2\pool\plugins\org.eclipse.m2e.maven.runtime_3.9.900.20240824-1409\jars\httpcore-4.4.16.jar
2024-12-19 21:44:07,096 [Worker-10: Launching New_configuration (3)] INFO  o.eclipse.m2e.core.internal.Bundles - 	Entry: C:\Users\Asus\.p2\pool\plugins\org.eclipse.m2e.maven.runtime_3.9.900.20240824-1409\jars\jansi-2.4.1.jar
2024-12-19 21:44:07,097 [Worker-10: Launching New_configuration (3)] INFO  o.eclipse.m2e.core.internal.Bundles - 	Entry: C:\Users\Asus\.p2\pool\plugins\org.eclipse.m2e.maven.runtime_3.9.900.20240824-1409\jars\jcl-over-slf4j-1.7.36.jar
2024-12-19 21:44:07,097 [Worker-10: Launching New_configuration (3)] INFO  o.eclipse.m2e.core.internal.Bundles - 	Entry: C:\Users\Asus\.p2\pool\plugins\org.eclipse.m2e.maven.runtime_3.9.900.20240824-1409\jars\maven-artifact-3.9.9.jar
2024-12-19 21:44:07,097 [Worker-10: Launching New_configuration (3)] INFO  o.eclipse.m2e.core.internal.Bundles - 	Entry: C:\Users\Asus\.p2\pool\plugins\org.eclipse.m2e.maven.runtime_3.9.900.20240824-1409\jars\maven-builder-support-3.9.9.jar
2024-12-19 21:44:07,098 [Worker-10: Launching New_configuration (3)] INFO  o.eclipse.m2e.core.internal.Bundles - 	Entry: C:\Users\Asus\.p2\pool\plugins\org.eclipse.m2e.maven.runtime_3.9.900.20240824-1409\jars\maven-compat-3.9.9.jar
2024-12-19 21:44:07,100 [Worker-10: Launching New_configuration (3)] INFO  o.eclipse.m2e.core.internal.Bundles - 	Entry: C:\Users\Asus\.p2\pool\plugins\org.eclipse.m2e.maven.runtime_3.9.900.20240824-1409\jars\maven-core-3.9.9.jar
2024-12-19 21:44:07,102 [Worker-10: Launching New_configuration (3)] INFO  o.eclipse.m2e.core.internal.Bundles - 	Entry: C:\Users\Asus\.p2\pool\plugins\org.eclipse.m2e.maven.runtime_3.9.900.20240824-1409\jars\maven-embedder-3.9.9.jar
2024-12-19 21:44:07,103 [Worker-10: Launching New_configuration (3)] INFO  o.eclipse.m2e.core.internal.Bundles - 	Entry: C:\Users\Asus\.p2\pool\plugins\org.eclipse.m2e.maven.runtime_3.9.900.20240824-1409\jars\maven-model-3.9.9.jar
2024-12-19 21:44:07,103 [Worker-10: Launching New_configuration (3)] INFO  o.eclipse.m2e.core.internal.Bundles - 	Entry: C:\Users\Asus\.p2\pool\plugins\org.eclipse.m2e.maven.runtime_3.9.900.20240824-1409\jars\maven-model-builder-3.9.9.jar
2024-12-19 21:44:07,103 [Worker-10: Launching New_configuration (3)] INFO  o.eclipse.m2e.core.internal.Bundles - 	Entry: C:\Users\Asus\.p2\pool\plugins\org.eclipse.m2e.maven.runtime_3.9.900.20240824-1409\jars\maven-plugin-api-3.9.9.jar
2024-12-19 21:44:07,104 [Worker-10: Launching New_configuration (3)] INFO  o.eclipse.m2e.core.internal.Bundles - 	Entry: C:\Users\Asus\.p2\pool\plugins\org.eclipse.m2e.maven.runtime_3.9.900.20240824-1409\jars\maven-repository-metadata-3.9.9.jar
2024-12-19 21:44:07,104 [Worker-10: Launching New_configuration (3)] INFO  o.eclipse.m2e.core.internal.Bundles - 	Entry: C:\Users\Asus\.p2\pool\plugins\org.eclipse.m2e.maven.runtime_3.9.900.20240824-1409\jars\maven-resolver-api-1.9.22.jar
2024-12-19 21:44:07,104 [Worker-10: Launching New_configuration (3)] INFO  o.eclipse.m2e.core.internal.Bundles - 	Entry: C:\Users\Asus\.p2\pool\plugins\org.eclipse.m2e.maven.runtime_3.9.900.20240824-1409\jars\maven-resolver-connector-basic-1.9.22.jar
2024-12-19 21:44:07,104 [Worker-10: Launching New_configuration (3)] INFO  o.eclipse.m2e.core.internal.Bundles - 	Entry: C:\Users\Asus\.p2\pool\plugins\org.eclipse.m2e.maven.runtime_3.9.900.20240824-1409\jars\maven-resolver-impl-1.9.22.jar
2024-12-19 21:44:07,105 [Worker-10: Launching New_configuration (3)] INFO  o.eclipse.m2e.core.internal.Bundles - 	Entry: C:\Users\Asus\.p2\pool\plugins\org.eclipse.m2e.maven.runtime_3.9.900.20240824-1409\jars\maven-resolver-named-locks-1.9.22.jar
2024-12-19 21:44:07,105 [Worker-10: Launching New_configuration (3)] INFO  o.eclipse.m2e.core.internal.Bundles - 	Entry: C:\Users\Asus\.p2\pool\plugins\org.eclipse.m2e.maven.runtime_3.9.900.20240824-1409\jars\maven-resolver-provider-3.9.9.jar
2024-12-19 21:44:07,105 [Worker-10: Launching New_configuration (3)] INFO  o.eclipse.m2e.core.internal.Bundles - 	Entry: C:\Users\Asus\.p2\pool\plugins\org.eclipse.m2e.maven.runtime_3.9.900.20240824-1409\jars\maven-resolver-spi-1.9.22.jar
2024-12-19 21:44:07,106 [Worker-10: Launching New_configuration (3)] INFO  o.eclipse.m2e.core.internal.Bundles - 	Entry: C:\Users\Asus\.p2\pool\plugins\org.eclipse.m2e.maven.runtime_3.9.900.20240824-1409\jars\maven-resolver-transport-file-1.9.22.jar
2024-12-19 21:44:07,106 [Worker-10: Launching New_configuration (3)] INFO  o.eclipse.m2e.core.internal.Bundles - 	Entry: C:\Users\Asus\.p2\pool\plugins\org.eclipse.m2e.maven.runtime_3.9.900.20240824-1409\jars\maven-resolver-transport-http-1.9.22.jar
2024-12-19 21:44:07,106 [Worker-10: Launching New_configuration (3)] INFO  o.eclipse.m2e.core.internal.Bundles - 	Entry: C:\Users\Asus\.p2\pool\plugins\org.eclipse.m2e.maven.runtime_3.9.900.20240824-1409\jars\maven-resolver-transport-wagon-1.9.22.jar
2024-12-19 21:44:07,107 [Worker-10: Launching New_configuration (3)] INFO  o.eclipse.m2e.core.internal.Bundles - 	Entry: C:\Users\Asus\.p2\pool\plugins\org.eclipse.m2e.maven.runtime_3.9.900.20240824-1409\jars\maven-resolver-util-1.9.22.jar
2024-12-19 21:44:07,107 [Worker-10: Launching New_configuration (3)] INFO  o.eclipse.m2e.core.internal.Bundles - 	Entry: C:\Users\Asus\.p2\pool\plugins\org.eclipse.m2e.maven.runtime_3.9.900.20240824-1409\jars\maven-settings-3.9.9.jar
2024-12-19 21:44:07,107 [Worker-10: Launching New_configuration (3)] INFO  o.eclipse.m2e.core.internal.Bundles - 	Entry: C:\Users\Asus\.p2\pool\plugins\org.eclipse.m2e.maven.runtime_3.9.900.20240824-1409\jars\maven-settings-builder-3.9.9.jar
2024-12-19 21:44:07,107 [Worker-10: Launching New_configuration (3)] INFO  o.eclipse.m2e.core.internal.Bundles - 	Entry: C:\Users\Asus\.p2\pool\plugins\org.eclipse.m2e.maven.runtime_3.9.900.20240824-1409\jars\maven-shared-utils-3.4.2.jar
2024-12-19 21:44:07,108 [Worker-10: Launching New_configuration (3)] INFO  o.eclipse.m2e.core.internal.Bundles - 	Entry: C:\Users\Asus\.p2\pool\plugins\org.eclipse.m2e.maven.runtime_3.9.900.20240824-1409\jars\org.eclipse.sisu.inject-0.9.0.M3.jar
2024-12-19 21:44:07,108 [Worker-10: Launching New_configuration (3)] INFO  o.eclipse.m2e.core.internal.Bundles - 	Entry: C:\Users\Asus\.p2\pool\plugins\org.eclipse.m2e.maven.runtime_3.9.900.20240824-1409\jars\org.eclipse.sisu.plexus-0.9.0.M3.jar
2024-12-19 21:44:07,108 [Worker-10: Launching New_configuration (3)] INFO  o.eclipse.m2e.core.internal.Bundles - 	Entry: C:\Users\Asus\.p2\pool\plugins\org.eclipse.m2e.maven.runtime_3.9.900.20240824-1409\jars\plexus-build-api-0.0.7.jar
2024-12-19 21:44:07,109 [Worker-10: Launching New_configuration (3)] INFO  o.eclipse.m2e.core.internal.Bundles - 	Entry: C:\Users\Asus\.p2\pool\plugins\org.eclipse.m2e.maven.runtime_3.9.900.20240824-1409\jars\plexus-build-api-1.2.0.jar
2024-12-19 21:44:07,109 [Worker-10: Launching New_configuration (3)] INFO  o.eclipse.m2e.core.internal.Bundles - 	Entry: C:\Users\Asus\.p2\pool\plugins\org.eclipse.m2e.maven.runtime_3.9.900.20240824-1409\jars\plexus-cipher-2.0.jar
2024-12-19 21:44:07,109 [Worker-10: Launching New_configuration (3)] INFO  o.eclipse.m2e.core.internal.Bundles - 	Entry: C:\Users\Asus\.p2\pool\plugins\org.eclipse.m2e.maven.runtime_3.9.900.20240824-1409\jars\plexus-classworlds-2.8.0.jar
2024-12-19 21:44:07,109 [Worker-10: Launching New_configuration (3)] INFO  o.eclipse.m2e.core.internal.Bundles - 	Entry: C:\Users\Asus\.p2\pool\plugins\org.eclipse.m2e.maven.runtime_3.9.900.20240824-1409\jars\plexus-component-annotations-2.1.0.jar
2024-12-19 21:44:07,110 [Worker-10: Launching New_configuration (3)] INFO  o.eclipse.m2e.core.internal.Bundles - 	Entry: C:\Users\Asus\.p2\pool\plugins\org.eclipse.m2e.maven.runtime_3.9.900.20240824-1409\jars\plexus-interpolation-1.27.jar
2024-12-19 21:44:07,110 [Worker-10: Launching New_configuration (3)] INFO  o.eclipse.m2e.core.internal.Bundles - 	Entry: C:\Users\Asus\.p2\pool\plugins\org.eclipse.m2e.maven.runtime_3.9.900.20240824-1409\jars\plexus-sec-dispatcher-2.0.jar
2024-12-19 21:44:07,110 [Worker-10: Launching New_configuration (3)] INFO  o.eclipse.m2e.core.internal.Bundles - 	Entry: C:\Users\Asus\.p2\pool\plugins\org.eclipse.m2e.maven.runtime_3.9.900.20240824-1409\jars\plexus-utils-3.5.1.jar
2024-12-19 21:44:07,111 [Worker-10: Launching New_configuration (3)] INFO  o.eclipse.m2e.core.internal.Bundles - 	Entry: C:\Users\Asus\.p2\pool\plugins\org.eclipse.m2e.maven.runtime_3.9.900.20240824-1409\jars\plexus-xml-3.0.1.jar
2024-12-19 21:44:07,111 [Worker-10: Launching New_configuration (3)] INFO  o.eclipse.m2e.core.internal.Bundles - 	Entry: C:\Users\Asus\.p2\pool\plugins\org.eclipse.m2e.maven.runtime_3.9.900.20240824-1409\jars\wagon-file-3.5.3.jar
2024-12-19 21:44:07,111 [Worker-10: Launching New_configuration (3)] INFO  o.eclipse.m2e.core.internal.Bundles - 	Entry: C:\Users\Asus\.p2\pool\plugins\org.eclipse.m2e.maven.runtime_3.9.900.20240824-1409\jars\wagon-http-3.5.3.jar
2024-12-19 21:44:07,111 [Worker-10: Launching New_configuration (3)] INFO  o.eclipse.m2e.core.internal.Bundles - 	Entry: C:\Users\Asus\.p2\pool\plugins\org.eclipse.m2e.maven.runtime_3.9.900.20240824-1409\jars\wagon-http-shared-3.5.3.jar
2024-12-19 21:44:07,112 [Worker-10: Launching New_configuration (3)] INFO  o.eclipse.m2e.core.internal.Bundles - 	Entry: C:\Users\Asus\.p2\pool\plugins\org.eclipse.m2e.maven.runtime_3.9.900.20240824-1409\jars\wagon-provider-api-3.5.3.jar
2024-12-19 21:44:07,113 [Worker-10: Launching New_configuration (3)] INFO  o.eclipse.m2e.core.internal.Bundles - getClasspathEntries(Bundle=com.google.guava_33.3.0.jre [10])
2024-12-19 21:44:07,114 [Worker-10: Launching New_configuration (3)] INFO  o.eclipse.m2e.core.internal.Bundles - 	Entry: C:\Users\Asus\.p2\pool\plugins\com.google.guava_33.3.0.jre.jar
2024-12-19 21:44:07,115 [Worker-10: Launching New_configuration (3)] INFO  o.eclipse.m2e.core.internal.Bundles - getClasspathEntries(Bundle=slf4j.api_2.0.16 [519])
2024-12-19 21:44:07,117 [Worker-10: Launching New_configuration (3)] INFO  o.eclipse.m2e.core.internal.Bundles - 	Entry: C:\Users\Asus\.p2\pool\plugins\slf4j.api_2.0.16.jar
2024-12-19 21:44:07,118 [Worker-10: Launching New_configuration (3)] INFO  o.eclipse.m2e.core.internal.Bundles - getClasspathEntries(Bundle=jakarta.inject.jakarta.inject-api_1.0.5 [22])
2024-12-19 21:44:07,118 [Worker-10: Launching New_configuration (3)] INFO  o.eclipse.m2e.core.internal.Bundles - 	Entry: C:\Users\Asus\.p2\pool\plugins\jakarta.inject.jakarta.inject-api_1.0.5.jar
2024-12-19 21:44:07,118 [Worker-10: Launching New_configuration (3)] INFO  o.eclipse.m2e.core.internal.Bundles - getClasspathEntries(Bundle=jakarta.annotation-api_1.3.5 [20])
2024-12-19 21:44:07,119 [Worker-10: Launching New_configuration (3)] INFO  o.eclipse.m2e.core.internal.Bundles - 	Entry: C:\Users\Asus\.p2\pool\plugins\jakarta.annotation-api_1.3.5.jar
2024-12-19 21:44:07,119 [Worker-10: Launching New_configuration (3)] INFO  o.eclipse.m2e.core.internal.Bundles - getClasspathEntries(Bundle=org.apache.commons.cli_1.9.0 [47])
2024-12-19 21:44:07,119 [Worker-10: Launching New_configuration (3)] INFO  o.eclipse.m2e.core.internal.Bundles - 	Entry: C:\Users\Asus\.p2\pool\plugins\org.apache.commons.cli_1.9.0.jar
2024-12-19 21:44:07,119 [Worker-10: Launching New_configuration (3)] INFO  o.eclipse.m2e.core.internal.Bundles - getClasspathEntries(Bundle=org.apache.commons.commons-codec_1.16.0 [50])
2024-12-19 21:44:07,120 [Worker-10: Launching New_configuration (3)] INFO  o.eclipse.m2e.core.internal.Bundles - 	Entry: C:\Users\Asus\.p2\pool\plugins\org.apache.commons.commons-codec_1.16.0.jar
2024-12-19 21:44:07,120 [Worker-10: Launching New_configuration (3)] INFO  o.eclipse.m2e.core.internal.Bundles - getClasspathEntries(Bundle=com.google.guava.failureaccess_1.0.2 [11])
2024-12-19 21:44:07,120 [Worker-10: Launching New_configuration (3)] INFO  o.eclipse.m2e.core.internal.Bundles - 	Entry: C:\Users\Asus\.p2\pool\plugins\com.google.guava.failureaccess_1.0.2.jar
2024-12-19 21:44:07,123 [Worker-10: Launching New_configuration (3)] INFO  o.e.m.i.launch.MavenLaunchDelegate - Run build in "C:\Users\Asus\git\Automation-Code\Magento_Automation\Magento_Automation":
2024-12-19 21:44:07,129 [Worker-10: Launching New_configuration (3)] INFO  o.e.m.i.launch.MavenLaunchDelegate -  mvn  -B -Dstyle.color=always 
2024-12-19 21:44:25,992 [Worker-14: Launching New_configuration (3)] INFO  o.eclipse.m2e.core.internal.Bundles - getClasspathEntries(Bundle=org.eclipse.m2e.maven.runtime_3.9.900.20240824-1409 [297])
2024-12-19 21:44:25,993 [Worker-14: Launching New_configuration (3)] INFO  o.eclipse.m2e.core.internal.Bundles - 	Entry: C:\Users\Asus\.p2\pool\plugins\org.eclipse.m2e.maven.runtime_3.9.900.20240824-1409
2024-12-19 21:44:25,994 [Worker-14: Launching New_configuration (3)] INFO  o.eclipse.m2e.core.internal.Bundles - 	Entry: C:\Users\Asus\.p2\pool\plugins\org.eclipse.m2e.maven.runtime_3.9.900.20240824-1409\jars\aopalliance-1.0.jar
2024-12-19 21:44:25,994 [Worker-14: Launching New_configuration (3)] INFO  o.eclipse.m2e.core.internal.Bundles - 	Entry: C:\Users\Asus\.p2\pool\plugins\org.eclipse.m2e.maven.runtime_3.9.900.20240824-1409\jars\guice-5.1.0.jar
2024-12-19 21:44:25,994 [Worker-14: Launching New_configuration (3)] INFO  o.eclipse.m2e.core.internal.Bundles - 	Entry: C:\Users\Asus\.p2\pool\plugins\org.eclipse.m2e.maven.runtime_3.9.900.20240824-1409\jars\httpclient-4.5.14.jar
2024-12-19 21:44:25,995 [Worker-14: Launching New_configuration (3)] INFO  o.eclipse.m2e.core.internal.Bundles - 	Entry: C:\Users\Asus\.p2\pool\plugins\org.eclipse.m2e.maven.runtime_3.9.900.20240824-1409\jars\httpcore-4.4.16.jar
2024-12-19 21:44:25,995 [Worker-14: Launching New_configuration (3)] INFO  o.eclipse.m2e.core.internal.Bundles - 	Entry: C:\Users\Asus\.p2\pool\plugins\org.eclipse.m2e.maven.runtime_3.9.900.20240824-1409\jars\jansi-2.4.1.jar
2024-12-19 21:44:25,995 [Worker-14: Launching New_configuration (3)] INFO  o.eclipse.m2e.core.internal.Bundles - 	Entry: C:\Users\Asus\.p2\pool\plugins\org.eclipse.m2e.maven.runtime_3.9.900.20240824-1409\jars\jcl-over-slf4j-1.7.36.jar
2024-12-19 21:44:25,995 [Worker-14: Launching New_configuration (3)] INFO  o.eclipse.m2e.core.internal.Bundles - 	Entry: C:\Users\Asus\.p2\pool\plugins\org.eclipse.m2e.maven.runtime_3.9.900.20240824-1409\jars\maven-artifact-3.9.9.jar
2024-12-19 21:44:25,996 [Worker-14: Launching New_configuration (3)] INFO  o.eclipse.m2e.core.internal.Bundles - 	Entry: C:\Users\Asus\.p2\pool\plugins\org.eclipse.m2e.maven.runtime_3.9.900.20240824-1409\jars\maven-builder-support-3.9.9.jar
2024-12-19 21:44:25,996 [Worker-14: Launching New_configuration (3)] INFO  o.eclipse.m2e.core.internal.Bundles - 	Entry: C:\Users\Asus\.p2\pool\plugins\org.eclipse.m2e.maven.runtime_3.9.900.20240824-1409\jars\maven-compat-3.9.9.jar
2024-12-19 21:44:25,996 [Worker-14: Launching New_configuration (3)] INFO  o.eclipse.m2e.core.internal.Bundles - 	Entry: C:\Users\Asus\.p2\pool\plugins\org.eclipse.m2e.maven.runtime_3.9.900.20240824-1409\jars\maven-core-3.9.9.jar
2024-12-19 21:44:25,996 [Worker-14: Launching New_configuration (3)] INFO  o.eclipse.m2e.core.internal.Bundles - 	Entry: C:\Users\Asus\.p2\pool\plugins\org.eclipse.m2e.maven.runtime_3.9.900.20240824-1409\jars\maven-embedder-3.9.9.jar
2024-12-19 21:44:25,997 [Worker-14: Launching New_configuration (3)] INFO  o.eclipse.m2e.core.internal.Bundles - 	Entry: C:\Users\Asus\.p2\pool\plugins\org.eclipse.m2e.maven.runtime_3.9.900.20240824-1409\jars\maven-model-3.9.9.jar
2024-12-19 21:44:25,998 [Worker-14: Launching New_configuration (3)] INFO  o.eclipse.m2e.core.internal.Bundles - 	Entry: C:\Users\Asus\.p2\pool\plugins\org.eclipse.m2e.maven.runtime_3.9.900.20240824-1409\jars\maven-model-builder-3.9.9.jar
2024-12-19 21:44:25,998 [Worker-14: Launching New_configuration (3)] INFO  o.eclipse.m2e.core.internal.Bundles - 	Entry: C:\Users\Asus\.p2\pool\plugins\org.eclipse.m2e.maven.runtime_3.9.900.20240824-1409\jars\maven-plugin-api-3.9.9.jar
2024-12-19 21:44:25,999 [Worker-14: Launching New_configuration (3)] INFO  o.eclipse.m2e.core.internal.Bundles - 	Entry: C:\Users\Asus\.p2\pool\plugins\org.eclipse.m2e.maven.runtime_3.9.900.20240824-1409\jars\maven-repository-metadata-3.9.9.jar
2024-12-19 21:44:25,999 [Worker-14: Launching New_configuration (3)] INFO  o.eclipse.m2e.core.internal.Bundles - 	Entry: C:\Users\Asus\.p2\pool\plugins\org.eclipse.m2e.maven.runtime_3.9.900.20240824-1409\jars\maven-resolver-api-1.9.22.jar
2024-12-19 21:44:25,999 [Worker-14: Launching New_configuration (3)] INFO  o.eclipse.m2e.core.internal.Bundles - 	Entry: C:\Users\Asus\.p2\pool\plugins\org.eclipse.m2e.maven.runtime_3.9.900.20240824-1409\jars\maven-resolver-connector-basic-1.9.22.jar
2024-12-19 21:44:26,000 [Worker-14: Launching New_configuration (3)] INFO  o.eclipse.m2e.core.internal.Bundles - 	Entry: C:\Users\Asus\.p2\pool\plugins\org.eclipse.m2e.maven.runtime_3.9.900.20240824-1409\jars\maven-resolver-impl-1.9.22.jar
2024-12-19 21:44:26,000 [Worker-14: Launching New_configuration (3)] INFO  o.eclipse.m2e.core.internal.Bundles - 	Entry: C:\Users\Asus\.p2\pool\plugins\org.eclipse.m2e.maven.runtime_3.9.900.20240824-1409\jars\maven-resolver-named-locks-1.9.22.jar
2024-12-19 21:44:26,001 [Worker-14: Launching New_configuration (3)] INFO  o.eclipse.m2e.core.internal.Bundles - 	Entry: C:\Users\Asus\.p2\pool\plugins\org.eclipse.m2e.maven.runtime_3.9.900.20240824-1409\jars\maven-resolver-provider-3.9.9.jar
2024-12-19 21:44:26,001 [Worker-14: Launching New_configuration (3)] INFO  o.eclipse.m2e.core.internal.Bundles - 	Entry: C:\Users\Asus\.p2\pool\plugins\org.eclipse.m2e.maven.runtime_3.9.900.20240824-1409\jars\maven-resolver-spi-1.9.22.jar
2024-12-19 21:44:26,001 [Worker-14: Launching New_configuration (3)] INFO  o.eclipse.m2e.core.internal.Bundles - 	Entry: C:\Users\Asus\.p2\pool\plugins\org.eclipse.m2e.maven.runtime_3.9.900.20240824-1409\jars\maven-resolver-transport-file-1.9.22.jar
2024-12-19 21:44:26,002 [Worker-14: Launching New_configuration (3)] INFO  o.eclipse.m2e.core.internal.Bundles - 	Entry: C:\Users\Asus\.p2\pool\plugins\org.eclipse.m2e.maven.runtime_3.9.900.20240824-1409\jars\maven-resolver-transport-http-1.9.22.jar
2024-12-19 21:44:26,002 [Worker-14: Launching New_configuration (3)] INFO  o.eclipse.m2e.core.internal.Bundles - 	Entry: C:\Users\Asus\.p2\pool\plugins\org.eclipse.m2e.maven.runtime_3.9.900.20240824-1409\jars\maven-resolver-transport-wagon-1.9.22.jar
2024-12-19 21:44:26,002 [Worker-14: Launching New_configuration (3)] INFO  o.eclipse.m2e.core.internal.Bundles - 	Entry: C:\Users\Asus\.p2\pool\plugins\org.eclipse.m2e.maven.runtime_3.9.900.20240824-1409\jars\maven-resolver-util-1.9.22.jar
2024-12-19 21:44:26,002 [Worker-14: Launching New_configuration (3)] INFO  o.eclipse.m2e.core.internal.Bundles - 	Entry: C:\Users\Asus\.p2\pool\plugins\org.eclipse.m2e.maven.runtime_3.9.900.20240824-1409\jars\maven-settings-3.9.9.jar
2024-12-19 21:44:26,003 [Worker-14: Launching New_configuration (3)] INFO  o.eclipse.m2e.core.internal.Bundles - 	Entry: C:\Users\Asus\.p2\pool\plugins\org.eclipse.m2e.maven.runtime_3.9.900.20240824-1409\jars\maven-settings-builder-3.9.9.jar
2024-12-19 21:44:26,003 [Worker-14: Launching New_configuration (3)] INFO  o.eclipse.m2e.core.internal.Bundles - 	Entry: C:\Users\Asus\.p2\pool\plugins\org.eclipse.m2e.maven.runtime_3.9.900.20240824-1409\jars\maven-shared-utils-3.4.2.jar
2024-12-19 21:44:26,003 [Worker-14: Launching New_configuration (3)] INFO  o.eclipse.m2e.core.internal.Bundles - 	Entry: C:\Users\Asus\.p2\pool\plugins\org.eclipse.m2e.maven.runtime_3.9.900.20240824-1409\jars\org.eclipse.sisu.inject-0.9.0.M3.jar
2024-12-19 21:44:26,003 [Worker-14: Launching New_configuration (3)] INFO  o.eclipse.m2e.core.internal.Bundles - 	Entry: C:\Users\Asus\.p2\pool\plugins\org.eclipse.m2e.maven.runtime_3.9.900.20240824-1409\jars\org.eclipse.sisu.plexus-0.9.0.M3.jar
2024-12-19 21:44:26,004 [Worker-14: Launching New_configuration (3)] INFO  o.eclipse.m2e.core.internal.Bundles - 	Entry: C:\Users\Asus\.p2\pool\plugins\org.eclipse.m2e.maven.runtime_3.9.900.20240824-1409\jars\plexus-build-api-0.0.7.jar
2024-12-19 21:44:26,004 [Worker-14: Launching New_configuration (3)] INFO  o.eclipse.m2e.core.internal.Bundles - 	Entry: C:\Users\Asus\.p2\pool\plugins\org.eclipse.m2e.maven.runtime_3.9.900.20240824-1409\jars\plexus-build-api-1.2.0.jar
2024-12-19 21:44:26,004 [Worker-14: Launching New_configuration (3)] INFO  o.eclipse.m2e.core.internal.Bundles - 	Entry: C:\Users\Asus\.p2\pool\plugins\org.eclipse.m2e.maven.runtime_3.9.900.20240824-1409\jars\plexus-cipher-2.0.jar
2024-12-19 21:44:26,005 [Worker-14: Launching New_configuration (3)] INFO  o.eclipse.m2e.core.internal.Bundles - 	Entry: C:\Users\Asus\.p2\pool\plugins\org.eclipse.m2e.maven.runtime_3.9.900.20240824-1409\jars\plexus-classworlds-2.8.0.jar
2024-12-19 21:44:26,005 [Worker-14: Launching New_configuration (3)] INFO  o.eclipse.m2e.core.internal.Bundles - 	Entry: C:\Users\Asus\.p2\pool\plugins\org.eclipse.m2e.maven.runtime_3.9.900.20240824-1409\jars\plexus-component-annotations-2.1.0.jar
2024-12-19 21:44:26,005 [Worker-14: Launching New_configuration (3)] INFO  o.eclipse.m2e.core.internal.Bundles - 	Entry: C:\Users\Asus\.p2\pool\plugins\org.eclipse.m2e.maven.runtime_3.9.900.20240824-1409\jars\plexus-interpolation-1.27.jar
2024-12-19 21:44:26,005 [Worker-14: Launching New_configuration (3)] INFO  o.eclipse.m2e.core.internal.Bundles - 	Entry: C:\Users\Asus\.p2\pool\plugins\org.eclipse.m2e.maven.runtime_3.9.900.20240824-1409\jars\plexus-sec-dispatcher-2.0.jar
2024-12-19 21:44:26,006 [Worker-14: Launching New_configuration (3)] INFO  o.eclipse.m2e.core.internal.Bundles - 	Entry: C:\Users\Asus\.p2\pool\plugins\org.eclipse.m2e.maven.runtime_3.9.900.20240824-1409\jars\plexus-utils-3.5.1.jar
2024-12-19 21:44:26,006 [Worker-14: Launching New_configuration (3)] INFO  o.eclipse.m2e.core.internal.Bundles - 	Entry: C:\Users\Asus\.p2\pool\plugins\org.eclipse.m2e.maven.runtime_3.9.900.20240824-1409\jars\plexus-xml-3.0.1.jar
2024-12-19 21:44:26,006 [Worker-14: Launching New_configuration (3)] INFO  o.eclipse.m2e.core.internal.Bundles - 	Entry: C:\Users\Asus\.p2\pool\plugins\org.eclipse.m2e.maven.runtime_3.9.900.20240824-1409\jars\wagon-file-3.5.3.jar
2024-12-19 21:44:26,006 [Worker-14: Launching New_configuration (3)] INFO  o.eclipse.m2e.core.internal.Bundles - 	Entry: C:\Users\Asus\.p2\pool\plugins\org.eclipse.m2e.maven.runtime_3.9.900.20240824-1409\jars\wagon-http-3.5.3.jar
2024-12-19 21:44:26,007 [Worker-14: Launching New_configuration (3)] INFO  o.eclipse.m2e.core.internal.Bundles - 	Entry: C:\Users\Asus\.p2\pool\plugins\org.eclipse.m2e.maven.runtime_3.9.900.20240824-1409\jars\wagon-http-shared-3.5.3.jar
2024-12-19 21:44:26,007 [Worker-14: Launching New_configuration (3)] INFO  o.eclipse.m2e.core.internal.Bundles - 	Entry: C:\Users\Asus\.p2\pool\plugins\org.eclipse.m2e.maven.runtime_3.9.900.20240824-1409\jars\wagon-provider-api-3.5.3.jar
2024-12-19 21:44:26,007 [Worker-14: Launching New_configuration (3)] INFO  o.eclipse.m2e.core.internal.Bundles - getClasspathEntries(Bundle=com.google.guava_33.3.0.jre [10])
2024-12-19 21:44:26,008 [Worker-14: Launching New_configuration (3)] INFO  o.eclipse.m2e.core.internal.Bundles - 	Entry: C:\Users\Asus\.p2\pool\plugins\com.google.guava_33.3.0.jre.jar
2024-12-19 21:44:26,008 [Worker-14: Launching New_configuration (3)] INFO  o.eclipse.m2e.core.internal.Bundles - getClasspathEntries(Bundle=slf4j.api_2.0.16 [519])
2024-12-19 21:44:26,009 [Worker-14: Launching New_configuration (3)] INFO  o.eclipse.m2e.core.internal.Bundles - 	Entry: C:\Users\Asus\.p2\pool\plugins\slf4j.api_2.0.16.jar
2024-12-19 21:44:26,009 [Worker-14: Launching New_configuration (3)] INFO  o.eclipse.m2e.core.internal.Bundles - getClasspathEntries(Bundle=jakarta.inject.jakarta.inject-api_1.0.5 [22])
2024-12-19 21:44:26,009 [Worker-14: Launching New_configuration (3)] INFO  o.eclipse.m2e.core.internal.Bundles - 	Entry: C:\Users\Asus\.p2\pool\plugins\jakarta.inject.jakarta.inject-api_1.0.5.jar
2024-12-19 21:44:26,009 [Worker-14: Launching New_configuration (3)] INFO  o.eclipse.m2e.core.internal.Bundles - getClasspathEntries(Bundle=jakarta.annotation-api_1.3.5 [20])
2024-12-19 21:44:26,010 [Worker-14: Launching New_configuration (3)] INFO  o.eclipse.m2e.core.internal.Bundles - 	Entry: C:\Users\Asus\.p2\pool\plugins\jakarta.annotation-api_1.3.5.jar
2024-12-19 21:44:26,010 [Worker-14: Launching New_configuration (3)] INFO  o.eclipse.m2e.core.internal.Bundles - getClasspathEntries(Bundle=org.apache.commons.cli_1.9.0 [47])
2024-12-19 21:44:26,011 [Worker-14: Launching New_configuration (3)] INFO  o.eclipse.m2e.core.internal.Bundles - 	Entry: C:\Users\Asus\.p2\pool\plugins\org.apache.commons.cli_1.9.0.jar
2024-12-19 21:44:26,011 [Worker-14: Launching New_configuration (3)] INFO  o.eclipse.m2e.core.internal.Bundles - getClasspathEntries(Bundle=org.apache.commons.commons-codec_1.16.0 [50])
2024-12-19 21:44:26,011 [Worker-14: Launching New_configuration (3)] INFO  o.eclipse.m2e.core.internal.Bundles - 	Entry: C:\Users\Asus\.p2\pool\plugins\org.apache.commons.commons-codec_1.16.0.jar
2024-12-19 21:44:26,011 [Worker-14: Launching New_configuration (3)] INFO  o.eclipse.m2e.core.internal.Bundles - getClasspathEntries(Bundle=com.google.guava.failureaccess_1.0.2 [11])
2024-12-19 21:44:26,012 [Worker-14: Launching New_configuration (3)] INFO  o.eclipse.m2e.core.internal.Bundles - 	Entry: C:\Users\Asus\.p2\pool\plugins\com.google.guava.failureaccess_1.0.2.jar
2024-12-19 21:44:26,014 [Worker-14: Launching New_configuration (3)] INFO  o.e.m.i.launch.MavenLaunchDelegate - Run build in "C:\Users\Asus\git\Automation-Code\Magento_Automation\Magento_Automation":
2024-12-19 21:44:26,017 [Worker-14: Launching New_configuration (3)] INFO  o.e.m.i.launch.MavenLaunchDelegate -  mvn  -B -Dstyle.color=always 
2024-12-19 21:44:26,017 [Worker-14: Launching New_configuration (3)] WARN  o.e.m.i.l.MavenLaunchExtensionsSupport - Unknown or unsupported source locator org.eclipse.jdt.internal.launching.sourcelookup.advanced.AdvancedSourceLookupDirector
2024-12-19 21:48:59,984 [Worker-13: Building] WARN  o.a.m.s.f.DefaultMavenResourcesFiltering - Using platform encoding (UTF-8 actually) to copy filtered resources, i.e. build is platform dependent!
2024-12-19 21:48:59,991 [Worker-13: Building] INFO  o.a.m.s.f.DefaultMavenResourcesFiltering - Copying 0 resource from src\main\resources to target\classes
2024-12-19 21:49:00,000 [Worker-13: Building] WARN  o.a.m.s.f.DefaultMavenResourcesFiltering - Using platform encoding (UTF-8 actually) to copy filtered resources, i.e. build is platform dependent!
2024-12-19 21:49:00,001 [Worker-13: Building] INFO  o.a.m.s.f.DefaultMavenResourcesFiltering - Copying 1 resource from src\test\resources to target\test-classes
